<?xml version="1.0" encoding="UTF-8"?>
<!-- Generated by org.testng.reporters.JUnitReportReporter -->
<testsuite hostname="DESKTOP-7ELHV97" failures="0" tests="1" name="MPokket.APITests.GetData" time="1.310" errors="0" timestamp="8 Jan 2022 08:48:12 GMT">
  <testcase classname="MPokket.APITests.GetData" name="GetEmployeeData" time="1.310"/>
</testsuite> <!-- MPokket.APITests.GetData -->
